2019/04/15 12:48:10 [error] [exception.CHttpException.404] exception 'CHttpException' with message 'Unable to resolve the request "post".' in C:\wamp64\www\ajith\apidemo\framework\web\CWebApplication.php:286
Stack trace:
#0 C:\wamp64\www\ajith\apidemo\framework\web\CWebApplication.php(141): CWebApplication->runController('')
#1 C:\wamp64\www\ajith\apidemo\framework\base\CApplication.php(185): CWebApplication->processRequest()
#2 C:\wamp64\www\ajith\apidemo\ajithApi\index.php(14): CApplication->run()
#3 {main}
REQUEST_URI=/ajith/apidemo/ajithApi/
HTTP_REFERER=http://localhost/ajith/apidemo/
---
2019/04/15 12:48:16 [error] [php] include(ContactForm.php): failed to open stream: No such file or directory (C:\wamp64\www\ajith\apidemo\framework\YiiBase.php:432)
Stack trace:
#0 C:\wamp64\www\ajith\apidemo\ajithApi\protected\controllers\SiteController.php(45): spl_autoload_call()
#1 C:\wamp64\www\ajith\apidemo\framework\web\actions\CInlineAction.php(49): SiteController->actionContact()
#2 C:\wamp64\www\ajith\apidemo\framework\web\CController.php(308): CInlineAction->runWithParams()
#3 C:\wamp64\www\ajith\apidemo\framework\web\CController.php(286): SiteController->runAction()
#4 C:\wamp64\www\ajith\apidemo\framework\web\CController.php(265): SiteController->runActionWithFilters()
#5 C:\wamp64\www\ajith\apidemo\framework\web\CWebApplication.php(282): SiteController->run()
#6 C:\wamp64\www\ajith\apidemo\framework\web\CWebApplication.php(141): CWebApplication->runController()
#7 C:\wamp64\www\ajith\apidemo\framework\base\CApplication.php(185): CWebApplication->processRequest()
#8 C:\wamp64\www\ajith\apidemo\ajithApi\index.php(14): CWebApplication->run()
REQUEST_URI=/ajith/apidemo/ajithApi/index.php/site/contact
2019/04/15 12:48:20 [error] [exception.CHttpException.404] exception 'CHttpException' with message 'Unable to resolve the request "post/index".' in C:\wamp64\www\ajith\apidemo\framework\web\CWebApplication.php:286
Stack trace:
#0 C:\wamp64\www\ajith\apidemo\framework\web\CWebApplication.php(141): CWebApplication->runController('post/index')
#1 C:\wamp64\www\ajith\apidemo\framework\base\CApplication.php(185): CWebApplication->processRequest()
#2 C:\wamp64\www\ajith\apidemo\ajithApi\index.php(14): CApplication->run()
#3 {main}
REQUEST_URI=/ajith/apidemo/ajithApi/index.php/post/index
HTTP_REFERER=http://localhost/ajith/apidemo/ajithApi/index.php/site/login
---
2019/04/15 13:34:00 [error] [exception.CHttpException.404] exception 'CHttpException' with message 'The system is unable to find the requested action "receipt".' in C:\wamp64\www\ajith\apidemo\framework\web\CController.php:486
Stack trace:
#0 C:\wamp64\www\ajith\apidemo\framework\web\CController.php(270): CController->missingAction('receipt')
#1 C:\wamp64\www\ajith\apidemo\framework\web\CWebApplication.php(282): CController->run('receipt')
#2 C:\wamp64\www\ajith\apidemo\framework\web\CWebApplication.php(141): CWebApplication->runController('api/receipt/upd...')
#3 C:\wamp64\www\ajith\apidemo\framework\base\CApplication.php(185): CWebApplication->processRequest()
#4 C:\wamp64\www\ajith\apidemo\ajithApi\index.php(14): CApplication->run()
#5 {main}
REQUEST_URI=/ajith/apidemo/ajithApi/index.php/api/receipt/updatelastproduct
---
2019/04/15 13:41:25 [error] [php] Undefined index: id (C:\wamp64\www\ajith\apidemo\ajithApi\protected\controllers\ApiController.php:76)
Stack trace:
#0 C:\wamp64\www\ajith\apidemo\framework\web\CController.php(286): ApiController->runAction()
#1 C:\wamp64\www\ajith\apidemo\framework\web\CController.php(265): ApiController->runActionWithFilters()
#2 C:\wamp64\www\ajith\apidemo\framework\web\CWebApplication.php(282): ApiController->run()
#3 C:\wamp64\www\ajith\apidemo\framework\web\CWebApplication.php(141): CWebApplication->runController()
#4 C:\wamp64\www\ajith\apidemo\framework\base\CApplication.php(185): CWebApplication->processRequest()
#5 C:\wamp64\www\ajith\apidemo\ajithApi\index.php(14): CWebApplication->run()
REQUEST_URI=/ajith/apidemo/ajithApi/index.php/api/receipt/updatelast
2019/04/15 13:42:36 [error] [php] Undefined index: id (C:\wamp64\www\ajith\apidemo\ajithApi\protected\controllers\ApiController.php:76)
Stack trace:
#0 C:\wamp64\www\ajith\apidemo\framework\web\CController.php(286): ApiController->runAction()
#1 C:\wamp64\www\ajith\apidemo\framework\web\CController.php(265): ApiController->runActionWithFilters()
#2 C:\wamp64\www\ajith\apidemo\framework\web\CWebApplication.php(282): ApiController->run()
#3 C:\wamp64\www\ajith\apidemo\framework\web\CWebApplication.php(141): CWebApplication->runController()
#4 C:\wamp64\www\ajith\apidemo\framework\base\CApplication.php(185): CWebApplication->processRequest()
#5 C:\wamp64\www\ajith\apidemo\ajithApi\index.php(14): CWebApplication->run()
REQUEST_URI=/ajith/apidemo/ajithApi/index.php/api/receipt/updatelast
2019/04/15 13:56:22 [error] [php] Undefined index: price (C:\wamp64\www\ajith\apidemo\ajithApi\protected\controllers\ApiController.php:81)
Stack trace:
#0 C:\wamp64\www\ajith\apidemo\framework\web\CController.php(286): ApiController->runAction()
#1 C:\wamp64\www\ajith\apidemo\framework\web\CController.php(265): ApiController->runActionWithFilters()
#2 C:\wamp64\www\ajith\apidemo\framework\web\CWebApplication.php(282): ApiController->run()
#3 C:\wamp64\www\ajith\apidemo\framework\web\CWebApplication.php(141): CWebApplication->runController()
#4 C:\wamp64\www\ajith\apidemo\framework\base\CApplication.php(185): CWebApplication->processRequest()
#5 C:\wamp64\www\ajith\apidemo\ajithApi\index.php(14): CWebApplication->run()
REQUEST_URI=/ajith/apidemo/ajithApi/index.php/api/receipt/updatelast
2019/04/15 13:59:01 [error] [php] parse_str() expects parameter 1 to be string, object given (C:\wamp64\www\ajith\apidemo\ajithApi\protected\controllers\ApiController.php:71)
Stack trace:
#0 C:\wamp64\www\ajith\apidemo\framework\web\CController.php(308): CInlineAction->runWithParams()
#1 C:\wamp64\www\ajith\apidemo\framework\web\CController.php(286): ApiController->runAction()
#2 C:\wamp64\www\ajith\apidemo\framework\web\CController.php(265): ApiController->runActionWithFilters()
#3 C:\wamp64\www\ajith\apidemo\framework\web\CWebApplication.php(282): ApiController->run()
#4 C:\wamp64\www\ajith\apidemo\framework\web\CWebApplication.php(141): CWebApplication->runController()
#5 C:\wamp64\www\ajith\apidemo\framework\base\CApplication.php(185): CWebApplication->processRequest()
#6 C:\wamp64\www\ajith\apidemo\ajithApi\index.php(14): CWebApplication->run()
REQUEST_URI=/ajith/apidemo/ajithApi/index.php/api/receipt/updatelast
2019/04/15 14:01:13 [error] [exception.CException] exception 'CException' with message 'Property "Receipt.vat_class" is not defined.' in C:\wamp64\www\ajith\apidemo\framework\base\CComponent.php:130
Stack trace:
#0 C:\wamp64\www\ajith\apidemo\framework\db\ar\CActiveRecord.php(145): CComponent->__get('vat_class')
#1 C:\wamp64\www\ajith\apidemo\ajithApi\protected\controllers\ApiController.php(83): CActiveRecord->__get('vat_class')
#2 C:\wamp64\www\ajith\apidemo\framework\web\actions\CInlineAction.php(49): ApiController->actionUpdatelastproduct()
#3 C:\wamp64\www\ajith\apidemo\framework\web\CController.php(308): CInlineAction->runWithParams(Array)
#4 C:\wamp64\www\ajith\apidemo\framework\web\CController.php(286): CController->runAction(Object(CInlineAction))
#5 C:\wamp64\www\ajith\apidemo\framework\web\CController.php(265): CController->runActionWithFilters(Object(CInlineAction), Array)
#6 C:\wamp64\www\ajith\apidemo\framework\web\CWebApplication.php(282): CController->run('updatelastprodu...')
#7 C:\wamp64\www\ajith\apidemo\framework\web\CWebApplication.php(141): CWebApplication->runController('api/updatelastp...')
#8 C:\wamp64\www\ajith\apidemo\framework\base\CApplication.php(185): CWebApplication->processRequest()
#9 C:\wamp64\www\ajith\apidemo\ajithApi\index.php(14): CApplication->run()
#10 {main}
REQUEST_URI=/ajith/apidemo/ajithApi/index.php/api/receipt/updatelast
---
